[main 1991435] Cron checks each minute and commits these new changes
 1 file changed, 0 insertions(+), 0 deletions(-)
 create mode 100644 script.log
To https://github.com/Chedvihas/CI-CD-test.git
   9805b5e..1991435  main -> main
branch 'main' set up to track 'origin/main'.
Everything up-to-date
[main 5974678] Cron checks each minute and commits these new changes
 3 files changed, 8 insertions(+), 7 deletions(-)
 delete mode 100644 temp
To https://github.com/Chedvihas/CI-CD-test.git
   1991435..5974678  main -> main
branch 'main' set up to track 'origin/main'.
Everything up-to-date
[main 53cca3f] Cron checks each minute and commits these new changes
 3 files changed, 7 insertions(+), 1 deletion(-)
 delete mode 100644 temp.txt
 delete mode 100644 testout
To https://github.com/Chedvihas/CI-CD-test.git
   5974678..53cca3f  main -> main
branch 'main' set up to track 'origin/main'.
Everything up-to-date
[main 25d6689] Cron commit at 12:54AM
 3 files changed, 10 insertions(+), 1 deletion(-)
 create mode 100644 chedvi
To https://github.com/Chedvihas/CI-CD-test.git
   53cca3f..25d6689  main -> main
branch 'main' set up to track 'origin/main'.
Everything up-to-date
[main d08f0d5] Cron commit at 12:54AM
 1 file changed, 7 insertions(+)
To https://github.com/Chedvihas/CI-CD-test.git
   25d6689..d08f0d5  main -> main
branch 'main' set up to track 'origin/main'.
Everything up-to-date
[main 427e161] Cron commit at 12:54AM
 1 file changed, 6 insertions(+)
To https://github.com/Chedvihas/CI-CD-test.git
   d08f0d5..427e161  main -> main
branch 'main' set up to track 'origin/main'.
Everything up-to-date
[main 46db0ce] Leetcode problem commit at 19th Feb 12:57 AM
 2 files changed, 8 insertions(+), 1 deletion(-)
To https://github.com/Chedvihas/CI-CD-test.git
   427e161..46db0ce  main -> main
branch 'main' set up to track 'origin/main'.
Everything up-to-date
[main 39ba764] Leetcode problem commit at 19th Feb 12:58 AM
 1 file changed, 6 insertions(+)
To https://github.com/Chedvihas/CI-CD-test.git
   46db0ce..39ba764  main -> main
branch 'main' set up to track 'origin/main'.
Everything up-to-date
[main edc70bb] Leetcode problem commit at 19th Feb 12:59 AM
 1 file changed, 6 insertions(+)
To https://github.com/Chedvihas/CI-CD-test.git
   39ba764..edc70bb  main -> main
branch 'main' set up to track 'origin/main'.
Everything up-to-date
[main 930b82a] Leetcode problem commit at 19th Feb 01:00 AM
 1 file changed, 6 insertions(+)
To https://github.com/Chedvihas/CI-CD-test.git
   edc70bb..930b82a  main -> main
branch 'main' set up to track 'origin/main'.
Everything up-to-date
